<?xml version="1.0" encoding="UTF-8"?>
<testng-results ignored="0" total="1" passed="1" failed="0" skipped="0">
  <reporter-output>
  </reporter-output>
  <suite started-at="2023-12-21T19:41:16 IST" name="Default suite" finished-at="2023-12-21T19:41:33 IST" duration-ms="17356">
    <groups>
      <group name="cucumber">
        <method signature="AbstractTestNGCucumberTests.runScenario(io.cucumber.testng.PickleWrapper, io.cucumber.testng.FeatureWrapper)[pri:0, instance:runners.TestNGRunner@a530d0a]" name="runScenario" class="io.cucumber.testng.AbstractTestNGCucumberTests"/>
      </group> <!-- cucumber -->
    </groups>
    <test started-at="2023-12-21T19:41:16 IST" name="Default test" finished-at="2023-12-21T19:41:33 IST" duration-ms="17356">
      <class name="runners.TestNGRunner">
        <test-method is-config="true" signature="setUpClass(org.testng.ITestContext)[pri:0, instance:runners.TestNGRunner@a530d0a]" started-at="2023-12-21T19:41:16 IST" name="setUpClass" finished-at="2023-12-21T19:41:17 IST" duration-ms="819" status="PASS">
          <params>
            <param index="0">
              <value>
                <![CDATA[org.testng.TestRunner@51ac12ac]]>
              </value>
            </param>
          </params>
          <reporter-output>
          </reporter-output>
        </test-method> <!-- setUpClass -->
        <test-method signature="runScenario(io.cucumber.testng.PickleWrapper, io.cucumber.testng.FeatureWrapper)[pri:0, instance:runners.TestNGRunner@a530d0a]" started-at="2023-12-21T19:41:17 IST" name="runScenario" description="Runs Cucumber Scenarios" data-provider="scenarios" finished-at="2023-12-21T19:41:32 IST" duration-ms="15886" status="PASS">
          <params>
            <param index="0">
              <value>
                <![CDATA["Verify user valid and invalid login scenario"]]>
              </value>
            </param>
            <param index="1">
              <value>
                <![CDATA["As a User I want to test valid and invalid login functionality"]]>
              </value>
            </param>
          </params>
          <reporter-output>
          </reporter-output>
        </test-method> <!-- runScenario -->
        <test-method is-config="true" signature="tearDownClass()[pri:0, instance:runners.TestNGRunner@a530d0a]" started-at="2023-12-21T19:41:32 IST" name="tearDownClass" finished-at="2023-12-21T19:41:33 IST" duration-ms="597" status="PASS">
          <reporter-output>
          </reporter-output>
        </test-method> <!-- tearDownClass -->
      </class> <!-- runners.TestNGRunner -->
    </test> <!-- Default test -->
  </suite> <!-- Default suite -->
</testng-results>
